----------------------------------------------------------------------------
                      OLS          Within         Amemiya      SwamyArora   
                 b/se/t/p        b/se/t/p        b/se/t/p        b/se/t/p   
----------------------------------------------------------------------------
LINCOMEP           0.0665***       0.1933***       0.1633***       0.1321***
                 (0.0179)        (0.0485)        (0.0327)        (0.0234)   
                 (3.7090)        (3.9867)        (4.9990)        (5.6402)   
                 (0.0002)        (0.0001)        (0.0000)        (0.0000)   
LRPMG             -0.0783***      -0.1591***      -0.1708***      -0.1444***
                 (0.0168)        (0.0268)        (0.0238)        (0.0211)   
                (-4.6528)       (-5.9305)       (-7.1605)       (-6.8445)   
                 (0.0000)        (0.0000)        (0.0000)        (0.0000)   
LCARPCAP          -0.0436**       -0.1861***      -0.1595***      -0.1054***
                 (0.0137)        (0.0267)        (0.0211)        (0.0175)   
                (-3.1818)       (-6.9621)       (-7.5705)       (-6.0254)   
                 (0.0016)        (0.0000)        (0.0000)        (0.0000)   
L.LGASPCAR         0.9288***       0.6920***       0.7335***       0.8417***
                 (0.0162)        (0.0302)        (0.0272)        (0.0215)   
                (57.4829)       (22.9165)       (26.9877)       (39.1327)   
                 (0.0000)        (0.0000)        (0.0000)        (0.0000)   
numerical_~y                                       0.0002                   
                                                 (0.0037)                   
                                                 (0.0663)                   
                                                 (0.9471)                   
_cons              0.2541***       0.7264***       0.5949***       0.4400***
                 (0.0516)        (0.1510)        (0.1049)        (0.0704)   
                 (4.9290)        (4.8102)        (5.6724)        (6.2478)   
                 (0.0000)        (0.0000)        (0.0000)        (0.0000)   
----------------------------------------------------------------------------
N                324.0000        324.0000        324.0000        324.0000   
r2_a             .9869359        .9361017                                   
r2_b                             .9783244                        .9951873   
r2_w                              .940256                        .9361937   
r2_o                             .9721453                        .9861343   
----------------------------------------------------------------------------
