--------------------------------------------------------------------------------------------
                      OLS          Within         Between         Amemiya      SwamyArora   
                 b/se/t/p        b/se/t/p        b/se/t/p        b/se/t/p        b/se/t/p   
--------------------------------------------------------------------------------------------
LINCOMEP           0.8900***       0.6622***       0.9676***       0.6017***       0.5550***
                 (0.0358)        (0.0734)        (0.1557)        (0.0656)        (0.0591)   
                (24.8552)        (9.0242)        (6.2157)        (9.1743)        (9.3861)   
                 (0.0000)        (0.0000)        (0.0000)        (0.0000)        (0.0000)   
LRPMG             -0.8918***      -0.3217***      -0.9636***      -0.3654***      -0.4204***
                 (0.0303)        (0.0441)        (0.1329)        (0.0416)        (0.0400)   
               (-29.4180)       (-7.2950)       (-7.2490)       (-8.7762)      (-10.5155)   
                 (0.0000)        (0.0000)        (0.0000)        (0.0000)        (0.0000)   
LCARPCAP          -0.7634***      -0.6405***      -0.7953***      -0.6204***      -0.6068***
                 (0.0186)        (0.0297)        (0.0825)        (0.0272)        (0.0255)   
               (-41.0232)      (-21.5804)       (-9.6430)      (-22.7705)      (-23.7836)   
                 (0.0000)        (0.0000)        (0.0000)        (0.0000)        (0.0000)   
numerical_~y                                                       0.0099                   
                                                                 (0.0153)                   
                                                                 (0.6464)                   
                                                                 (0.5180)                   
_cons              2.3913***       2.4027***       2.5416***       2.0956***       1.9967***
                 (0.1169)        (0.2253)        (0.5268)        (0.2503)        (0.1843)   
                (20.4502)       (10.6639)        (4.8248)        (8.3729)       (10.8324)   
                 (0.0000)        (0.0000)        (0.0003)        (0.0000)        (0.0000)   
--------------------------------------------------------------------------------------------
N                342.0000        342.0000        342.0000        342.0000        342.0000   
r2_a             .8536479        .8296089        .8541623                                   
r2_b                              .575524        .8798984                        .7099473   
r2_w                             .8396025        .7337217                        .8362628   
r2_o                             .6149832        .8528782                        .7309214   
--------------------------------------------------------------------------------------------
